<?xml version="1.0" encoding="UTF-8"?>
<!-- Generated by org.testng.reporters.JUnitReportReporter -->
<testsuite hostname="IN2132738W1" failures="0" tests="1" name="test.SecondTestNG" time="0.644" errors="0" timestamp="2023-01-05T11:02:20 IST" skipped="0">
  <testcase classname="test.SecondTestNG" name="f" time="0.644"/>
  <system-out/>
</testsuite> <!-- test.SecondTestNG -->
