<?xml version="1.0" encoding="UTF-8"?>
<!-- Generated by org.testng.reporters.JUnitReportReporter -->
<testsuite hostname="IN2132738W1" failures="0" tests="4" name="test.AllAnnotation_Example" time="0.019" errors="0" timestamp="2023-01-05T11:55:43 IST" skipped="1">
  <testcase classname="test.AllAnnotation_Example" name="Function1" time="0.015"/>
  <system-out>
    <![CDATA[I am inside Function1]]>
  </system-out>
  <testcase classname="test.AllAnnotation_Example" name="Function3" time="0.003"/>
  <system-out>
    <![CDATA[I am inside Function3]]>
  </system-out>
  <testcase classname="test.AllAnnotation_Example" name="afunction2" time="0.001"/>
  <system-out>
    <![CDATA[I am inside Function2]]>
  </system-out>
  <testcase classname="test.AllAnnotation_Example" name="Function4">
    <skipped/>
  </testcase> <!-- Function4 -->
  <system-out/>
</testsuite> <!-- test.AllAnnotation_Example -->
