<?xml version="1.0" encoding="UTF-8"?>
<!-- Generated by org.testng.reporters.JUnitReportReporter -->
<testsuite hostname="IN2132738W1" failures="0" tests="2" name="test.Multi_Browser" time="9.522" errors="0" timestamp="2023-01-05T12:41:25 IST" skipped="0">
  <testcase classname="test.Multi_Browser" name="f" time="5.297"/>
  <system-out/>
  <testcase classname="test.Multi_Browser" name="f" time="4.225"/>
  <system-out/>
</testsuite> <!-- test.Multi_Browser -->
